TN:
SF:__fixtures__/result.js
FNF:0
FNH:0
DA:1,1
DA:2,1
DA:3,1
DA:4,1
DA:5,1
DA:6,1
DA:7,1
DA:8,1
DA:9,1
DA:10,1
LF:10
LH:10
BRF:0
BRH:0
end_of_record
TN:
SF:src/index.js
FN:4,makeLine
FN:6,default
FNF:2
FNH:2
FNDA:6,makeLine
FNDA:1,default
DA:1,1
DA:2,1
DA:3,1
DA:4,1
DA:5,1
DA:6,1
DA:7,1
DA:8,1
DA:9,1
DA:10,1
DA:11,1
DA:12,1
DA:13,1
DA:14,1
DA:15,5
DA:16,1
DA:17,1
DA:18,5
DA:19,2
DA:20,2
DA:21,5
DA:22,1
DA:23,1
DA:24,1
DA:25,1
DA:26,1
DA:27,1
DA:28,1
LF:28
LH:28
BRDA:4,0,0,6
BRDA:6,1,0,1
BRDA:14,2,0,5
BRDA:15,3,0,1
BRDA:18,4,0,4
BRDA:18,5,0,2
BRDA:21,6,0,1
BRF:7
BRH:7
end_of_record
